<?xml version="1.0" encoding="UTF-8"?>
<!-- Generated by org.testng.reporters.JUnitReportReporter -->
<testsuite skipped="0" hostname="Lenovo" name="org.emp.Employee" tests="1" failures="0" timestamp="21 Jul 2021 06:49:12 GMT" time="0.041" errors="0">
  <testcase name="tc1" time="0.041" classname="org.emp.Employee"/>
</testsuite> <!-- org.emp.Employee -->
