<?xml version="1.0" encoding="UTF-8"?>
<!-- Generated by org.testng.reporters.JUnitReportReporter -->
<testsuite skipped="0" hostname="Lenovo" name="org.emp.Test2" tests="3" failures="0" timestamp="22 Jul 2021 16:50:03 GMT" time="0.047" errors="0">
  <testcase name="tst21" time="0.047" classname="org.emp.Test2"/>
  <testcase name="tst23" time="0.000" classname="org.emp.Test2"/>
  <testcase name="tst22" time="0.000" classname="org.emp.Test2"/>
</testsuite> <!-- org.emp.Test2 -->
