<?xml version="1.0" encoding="UTF-8"?>
<!-- Generated by org.testng.reporters.JUnitReportReporter -->
<testsuite skipped="0" hostname="Lenovo" name="org.emp.Test1" tests="3" failures="0" timestamp="21 Jul 2021 07:17:48 GMT" time="0.064" errors="0">
  <testcase name="tst1" time="0.020" classname="org.emp.Test1"/>
  <testcase name="tst2" time="0.026" classname="org.emp.Test1"/>
  <testcase name="tst3" time="0.018" classname="org.emp.Test1"/>
</testsuite> <!-- org.emp.Test1 -->
