<?xml version="1.0" encoding="UTF-8"?>
<!-- Generated by org.testng.reporters.JUnitReportReporter -->
<testsuite skipped="0" hostname="Lenovo" name="org.teng.Grouping" tests="2" failures="0" timestamp="23 Jul 2021 14:12:05 GMT" time="0.047" errors="0">
  <testcase name="tst1" time="0.042" classname="org.teng.Grouping"/>
  <testcase name="tst3" time="0.005" classname="org.teng.Grouping"/>
</testsuite> <!-- org.teng.Grouping -->
